<?xml version="1.0" encoding="UTF-8"?>
<testng-results ignored="0" total="1" passed="1" failed="0" skipped="0">
  <reporter-output>
  </reporter-output>
  <suite started-at="2023-05-10T16:04:21 IST" name="Test Suite" finished-at="2023-05-10T16:04:37 IST" duration-ms="16622">
    <groups>
    </groups>
    <test started-at="2023-05-10T16:04:21 IST" name="Test" finished-at="2023-05-10T16:04:37 IST" duration-ms="16622">
      <class name="tests.OrangeHRMTest">
        <test-method is-config="true" signature="setup()[pri:0, instance:tests.OrangeHRMTest@6c80d78a]" started-at="2023-05-10T16:04:21 IST" name="setup" finished-at="2023-05-10T16:04:34 IST" duration-ms="13578" status="PASS">
          <reporter-output>
          </reporter-output>
        </test-method> <!-- setup -->
        <test-method signature="loginLogoutTest()[pri:0, instance:tests.OrangeHRMTest@6c80d78a]" started-at="2023-05-10T16:04:34 IST" name="loginLogoutTest" finished-at="2023-05-10T16:04:37 IST" duration-ms="2675" status="PASS">
          <reporter-output>
          </reporter-output>
        </test-method> <!-- loginLogoutTest -->
        <test-method is-config="true" signature="teardown()[pri:0, instance:tests.OrangeHRMTest@6c80d78a]" started-at="2023-05-10T16:04:37 IST" name="teardown" finished-at="2023-05-10T16:04:37 IST" duration-ms="312" status="PASS">
          <reporter-output>
          </reporter-output>
        </test-method> <!-- teardown -->
      </class> <!-- tests.OrangeHRMTest -->
    </test> <!-- Test -->
  </suite> <!-- Test Suite -->
</testng-results>
