<?xml version="1.0" encoding="UTF-8"?>
<testng-results ignored="0" total="1" passed="1" failed="0" skipped="0">
  <reporter-output>
  </reporter-output>
  <suite started-at="2023-03-01T23:00:42 IST" name="Default suite" finished-at="2023-03-01T23:00:55 IST" duration-ms="12824">
    <groups>
    </groups>
    <test started-at="2023-03-01T23:00:42 IST" name="Default test" finished-at="2023-03-01T23:00:55 IST" duration-ms="12824">
      <class name="tests.DataProviderTest">
        <test-method signature="testperform()[pri:0, instance:tests.DataProviderTest@6fd83fc1]" started-at="2023-03-01T23:00:42 IST" name="testperform" finished-at="2023-03-01T23:00:55 IST" duration-ms="12781" status="PASS">
          <reporter-output>
          </reporter-output>
        </test-method> <!-- testperform -->
      </class> <!-- tests.DataProviderTest -->
    </test> <!-- Default test -->
  </suite> <!-- Default suite -->
</testng-results>
